<<<<<<< HEAD
2021/06/23 11:59:30 gocql: unable to dial control conn 34.93.201.115:9042: dial tcp 34.93.201.115:9042: connectex: A connection attempt failed because the connected party did not properly respond after a period of time, or established connection failed because connected host has failed to respond.
2021/06/23 11:59:30 gocql: unable to create session: control: unable to connect to initial hosts: dial tcp 34.93.201.115:9042: connectex: A connection attempt failed because the connected party did not properly respond after a period of time, or established connection failed because connected host has failed to respond.
2021/06/23 11:59:48 http: panic serving [::1]:63464: runtime error: invalid memory address or nil pointer dereference
goroutine 24 [running]:
net/http.(*conn).serve.func1(0xc0003a9e00)
	C:/Program Files/Go/src/net/http/server.go:1824 +0x153
panic(0x137aa00, 0x18e1ee0)
	C:/Program Files/Go/src/runtime/panic.go:971 +0x49a
github.com/gocql/gocql.(*Query).defaultsFromSession(0xc0004b6120)
	C:/Users/lenovo/upimodulegolang/vendor/github.com/gocql/gocql/session.go:889 +0x3e
github.com/gocql/gocql.(*Session).Query(0x0, 0x147874e, 0x49, 0xc000486060, 0x1, 0x1, 0x0)
	C:/Users/lenovo/upimodulegolang/vendor/github.com/gocql/gocql/session.go:422 +0xbe
main.go/serviceimpl.Static_call(0xc000480100, 0x10, 0xc0004a6500, 0x4c0, 0xc000064030, 0x0, 0x0, 0x0, 0x0, 0x0, ...)
	C:/Users/lenovo/upimodulegolang/serviceimpl/staticcall.go:44 +0x379
main.go/serviceimpl.(*Server).staticcal(0xc000064030, 0x152f430, 0xc00049c000, 0xc00048a200)
	C:/Users/lenovo/upimodulegolang/serviceimpl/routes.go:59 +0x26b
net/http.HandlerFunc.ServeHTTP(0xc000064520, 0x152f430, 0xc00049c000, 0xc00048a200)
	C:/Program Files/Go/src/net/http/server.go:2069 +0x4b
github.com/gorilla/mux.(*Router).ServeHTTP(0xc00040a000, 0x152f430, 0xc00049c000, 0xc00048a000)
	C:/Users/lenovo/upimodulegolang/vendor/github.com/gorilla/mux/mux.go:210 +0xe5
net/http.(*ServeMux).ServeHTTP(0x18fd280, 0x152f430, 0xc00049c000, 0xc00048a000)
	C:/Program Files/Go/src/net/http/server.go:2448 +0x1b7
net/http.serverHandler.ServeHTTP(0xc00043a000, 0x152f430, 0xc00049c000, 0xc00048a000)
	C:/Program Files/Go/src/net/http/server.go:2887 +0xaa
net/http.(*conn).serve(0xc0003a9e00, 0x15305a0, 0xc000484000)
	C:/Program Files/Go/src/net/http/server.go:1952 +0x8cd
created by net/http.(*Server).Serve
	C:/Program Files/Go/src/net/http/server.go:3013 +0x3b8
=======
2021/06/18 19:43:21 Key: 'Selfonboard.StrCntMobile' Error:Field validation for 'StrCntMobile' failed on the 'required' tag
2021/06/18 18:58:16 Some issue in fetching VPA kindly contact admin <nil>
2021/06/18 18:59:30 gocql: control unable to register events: gocql: no response received from cassandra within timeout period
2021/06/18 18:59:39 gocql: control unable to register events: gocql: no response received from cassandra within timeout period
2021/06/18 19:00:57 gocql: control unable to register events: gocql: no response received from cassandra within timeout period
2021/06/18 19:39:36 error in sending req Post "https://apig.indusind.com/ibl/prod/upijson/validateVPAWeb": EOF
2021/06/18 19:39:36 Some issue in fetching VPA kindly contact admin <nil>
2021/06/18 19:56:53 gocql: control unable to register events: gocql: no response received from cassandra within timeout period
2021/06/18 20:00:28 gocql: control unable to register events: gocql: no response received from cassandra within timeout period
2021/06/18 20:00:33 gocql: control unable to register events: gocql: no response received from cassandra within timeout period
2021/06/18 20:00:41 gocql: control unable to register events: gocql: no response received from cassandra within timeout period
2021/06/18 20:00:47 gocql: control unable to register events: gocql: no response received from cassandra within timeout period
2021/06/18 20:00:50 gocql: control unable to register events: gocql: no response received from cassandra within timeout period
2021/06/18 20:00:55 error: failed to connect to 34.93.201.115:9042 due to error: gocql: no response received from cassandra within timeout period
2021/06/18 20:00:55 gocql: control unable to register events: gocql: no response received from cassandra within timeout period
2021/06/18 20:01:00 gocql: control unable to register events: gocql: no response received from cassandra within timeout period
2021/06/18 20:01:08 gocql: control unable to register events: gocql: no response received from cassandra within timeout period
2021/06/18 20:01:13 gocql: control unable to register events: gocql: no response received from cassandra within timeout period
2021/06/18 20:01:23 gocql: control unable to register events: gocql: no response received from cassandra within timeout period
2021/06/18 20:06:24 gocql: control unable to register events: gocql: no response received from cassandra within timeout period
2021/06/18 20:06:55 gocql: control unable to register events: gocql: no response received from cassandra within timeout period
2021/06/18 20:07:26 gocql: control unable to register events: gocql: no response received from cassandra within timeout period
2021/06/18 20:07:31 error: failed to connect to 34.93.201.115:9042 due to error: gocql: no response received from cassandra within timeout period
2021/06/18 20:07:49 gocql: control unable to register events: gocql: no response received from cassandra within timeout period
2021/06/18 20:08:07 gocql: control unable to register events: gocql: no response received from cassandra within timeout period
2021/06/18 20:08:35 gocql: control unable to register events: gocql: no response received from cassandra within timeout period
2021/06/18 20:08:58 gocql: control unable to register events: gocql: no response received from cassandra within timeout period
2021/06/18 20:10:39 gocql: control unable to register events: gocql: no response received from cassandra within timeout period
2021/06/18 20:10:57 gocql: control unable to register events: gocql: no response received from cassandra within timeout period
2021/06/18 20:11:37 gocql: control unable to register events: gocql: no response received from cassandra within timeout period
2021/06/18 20:11:55 gocql: control unable to register events: gocql: no response received from cassandra within timeout period
2021/06/18 20:12:19 gocql: control unable to register events: gocql: no response received from cassandra within timeout period
2021/06/18 20:12:21 error: failed to connect to 34.93.201.115:9042 due to error: gocql: no response received from cassandra within timeout period
2021/06/18 20:12:45 gocql: control unable to register events: gocql: no response received from cassandra within timeout period
2021/06/18 20:12:54 gocql: control unable to register events: gocql: no response received from cassandra within timeout period
2021/06/18 20:13:08 gocql: control unable to register events: gocql: no response received from cassandra within timeout period
2021/06/18 20:13:24 gocql: control unable to register events: gocql: no response received from cassandra within timeout period
2021/06/18 20:13:41 gocql: control unable to register events: gocql: no response received from cassandra within timeout period
2021/06/18 20:15:00 gocql: control unable to register events: gocql: no response received from cassandra within timeout period
2021/06/18 20:15:38 gocql: control unable to register events: gocql: no response received from cassandra within timeout period
2021/06/18 20:16:37 gocql: control unable to register events: gocql: no response received from cassandra within timeout period
<<<<<<< HEAD
2021/06/21 11:36:42 gocql: control unable to register events: gocql: no response received from cassandra within timeout period
2021/06/21 11:38:00 gocql: control unable to register events: gocql: no response received from cassandra within timeout period
2021/06/21 11:42:46 gocql: control unable to register events: gocql: no response received from cassandra within timeout period
2021/06/21 11:43:23 gocql: control unable to register events: gocql: no response received from cassandra within timeout period
2021/06/21 11:43:34 gocql: control unable to register events: gocql: no response received from cassandra within timeout period
2021/06/21 12:14:48 gocql: control unable to register events: gocql: no response received from cassandra within timeout period
2021/06/21 12:46:51 gocql: control unable to register events: gocql: no response received from cassandra within timeout period
2021/06/21 13:44:05 gocql: control unable to register events: gocql: no response received from cassandra within timeout period
2021/06/21 13:44:54 gocql: control unable to register events: gocql: no response received from cassandra within timeout period
2021/06/21 13:45:15 gocql: control unable to register events: gocql: no response received from cassandra within timeout period
2021/06/21 13:45:31 error: failed to connect to 34.93.201.115:9042 due to error: gocql: no response received from cassandra within timeout period
2021/06/21 13:45:44 gocql: control unable to register events: gocql: no response received from cassandra within timeout period
2021/06/21 13:46:25 gocql: control unable to register events: gocql: no response received from cassandra within timeout period
2021/06/21 13:51:40 gocql: control unable to register events: gocql: no response received from cassandra within timeout period
2021/06/21 14:04:27 gocql: control unable to register events: gocql: no response received from cassandra within timeout period
2021/06/21 14:05:27 gocql: control unable to register events: gocql: no response received from cassandra within timeout period
2021/06/21 14:05:30 gocql: control unable to register events: gocql: no response received from cassandra within timeout period
2021/06/21 14:07:28 gocql: control unable to register events: gocql: no response received from cassandra within timeout period
2021/06/21 14:07:32 gocql: control unable to register events: gocql: no response received from cassandra within timeout period
2021/06/21 14:07:48 gocql: control unable to register events: gocql: no response received from cassandra within timeout period
2021/06/21 14:19:27 gocql: control unable to register events: gocql: no response received from cassandra within timeout period
2021/06/21 14:29:00 error in sending req Post "https://apig.indusind.com/ibl/prod/upijson/validateVPAWeb": EOF
2021/06/21 14:29:00 Some issue in fetching VPA kindly contact admin <nil>
2021/06/21 14:44:23 gocql: control unable to register events: gocql: no response received from cassandra within timeout period
2021/06/21 17:24:59 gocql: control unable to register events: gocql: no response received from cassandra within timeout period
2021/06/21 18:18:52 gocql: control unable to register events: gocql: no response received from cassandra within timeout period
2021/06/21 18:21:53 gocql: control unable to register events: gocql: no response received from cassandra within timeout period
2021/06/21 19:00:11 gocql: control unable to register events: gocql: no response received from cassandra within timeout period
2021/06/21 19:51:52 gocql: control unable to register events: gocql: no response received from cassandra within timeout period
2021/06/21 19:51:55 gocql: control unable to register events: gocql: no response received from cassandra within timeout period
2021/06/21 20:00:52 gocql: control unable to register events: gocql: no response received from cassandra within timeout period
2021/06/21 20:00:56 gocql: control unable to register events: gocql: no response received from cassandra within timeout period
2021/06/21 20:01:51 gocql: control unable to register events: gocql: no response received from cassandra within timeout period
2021/06/21 20:10:53 gocql: control unable to register events: gocql: no response received from cassandra within timeout period
2021/06/21 20:10:57 gocql: control unable to register events: gocql: no response received from cassandra within timeout period
2021/06/21 20:11:15 gocql: control unable to register events: gocql: no response received from cassandra within timeout period
2021/06/21 20:11:19 gocql: control unable to register events: gocql: no response received from cassandra within timeout period
2021/06/21 20:11:25 gocql: control unable to register events: gocql: no response received from cassandra within timeout period
2021/06/21 20:11:31 gocql: control unable to register events: gocql: no response received from cassandra within timeout period
2021/06/23 14:03:49 gocql: control unable to register events: gocql: no response received from cassandra within timeout period
2021/06/23 14:03:51 gocql: control unable to register events: gocql: no response received from cassandra within timeout period
2021/06/23 14:03:57 gocql: control unable to register events: gocql: no response received from cassandra within timeout period
2021/06/23 14:04:29 gocql: control unable to register events: gocql: no response received from cassandra within timeout period
2021/06/23 14:04:57 gocql: control unable to register events: gocql: no response received from cassandra within timeout period
2021/06/23 14:07:27 gocql: control unable to register events: gocql: no response received from cassandra within timeout period
2021/06/23 14:08:48 gocql: control unable to register events: gocql: no response received from cassandra within timeout period
2021/06/23 14:10:40 gocql: control unable to register events: gocql: no response received from cassandra within timeout period
2021/06/23 14:10:46 gocql: control unable to register events: gocql: no response received from cassandra within timeout period
2021/06/23 14:12:20 gocql: control unable to register events: gocql: no response received from cassandra within timeout period
2021/06/23 14:14:14 gocql: control unable to register events: gocql: no response received from cassandra within timeout period
2021/06/23 14:16:16 gocql: control unable to register events: gocql: no response received from cassandra within timeout period
2021/06/23 14:26:52 gocql: control unable to register events: gocql: no response received from cassandra within timeout period
2021/06/23 14:52:47 gocql: control unable to register events: gocql: no response received from cassandra within timeout period
2021/06/23 14:52:53 gocql: control unable to register events: gocql: no response received from cassandra within timeout period
2021/06/23 14:53:03 gocql: control unable to register events: gocql: no response received from cassandra within timeout period
2021/06/23 14:56:14 gocql: control unable to register events: gocql: no response received from cassandra within timeout period
2021/06/23 14:58:12 gocql: control unable to register events: gocql: no response received from cassandra within timeout period
2021/06/23 14:58:21 gocql: control unable to register events: gocql: no response received from cassandra within timeout period
2021/06/23 15:04:27 gocql: control unable to register events: gocql: no response received from cassandra within timeout period
2021/06/23 15:27:27 gocql: control unable to register events: gocql: no response received from cassandra within timeout period
2021/06/23 15:27:30 gocql: control unable to register events: gocql: no response received from cassandra within timeout period
2021/06/23 17:10:38 gocql: control unable to register events: gocql: no response received from cassandra within timeout period
2021/06/23 18:03:34 gocql: control unable to register events: gocql: no response received from cassandra within timeout period
2021/06/23 18:08:02 gocql: control unable to register events: gocql: no response received from cassandra within timeout period
2021/06/23 18:08:06 gocql: control unable to register events: gocql: no response received from cassandra within timeout period
=======
>>>>>>> 80a0b105952baef60339e76cbd374274a27ad1e9
2021/06/23 15:29:38 gocql: control unable to register events: gocql: no response received from cassandra within timeout period
>>>>>>> c452d4ebe172e43a279f1a21c334bb49ebadce61
